<?xml version="1.0" encoding="UTF-8"?>
<!-- Generated by org.testng.reporters.JUnitXMLReporter -->
<testsuite ignored="0" hostname="Praful" failures="0" tests="13" name="Test" time="50.129" errors="0" timestamp="2025-01-18T19:09:12 IST">
  <testcase classname="TestLayer.LoginPageTest" name="setup" time="6.324"/>
  <testcase classname="TestLayer.LoginPageTest" name="validateLoginFunctionality" time="2.15"/>
  <testcase classname="TestLayer.HomePageTest" name="validateLogo" time="0.446"/>
  <testcase classname="TestLayer.HomePageTest" name="validateHomeTitle" time="0.022"/>
  <testcase classname="TestLayer.HomePageTest" name="validateHomeUrl" time="0.013"/>
  <testcase classname="TestLayer.PIMPageTest" name="validatePimPage" time="1.308"/>
  <testcase classname="TestLayer.PIMPageTest" name="validateNewEmployee" time="7.124"/>
  <testcase classname="TestLayer.PIMPageTest" name="validateEmployeeInformation" time="7.523"/>
  <testcase classname="TestLayer.PIMPageTest" name="validateSearchFunctionality" time="6.525"/>
  <testcase classname="TestLayer.AdminPageTest" name="validateAdminPage" time="0.869"/>
  <testcase classname="TestLayer.AdminPageTest" name="addUserCredentails" time="13.952"/>
  <testcase classname="TestLayer.AdminPageTest" name="logoutFunctionality" time="2.042"/>
  <testcase classname="TestLayer.AdminPageTest" name="validateLoginFunctionality" time="1.764"/>
</testsuite> <!-- Test -->
