<?xml version="1.0" encoding="UTF-8"?>
<!-- Generated by org.testng.reporters.JUnitXMLReporter -->
<testsuite ignored="0" hostname="Praful" failures="0" tests="13" name="Test" time="47.141" errors="0" timestamp="2025-01-18T20:39:47 IST">
  <testcase classname="TestLayer.LoginPageTest" name="setup" time="4.824"/>
  <testcase classname="TestLayer.LoginPageTest" name="validateLoginFunctionality" time="2.045"/>
  <testcase classname="TestLayer.HomePageTest" name="validateLogo" time="0.411"/>
  <testcase classname="TestLayer.HomePageTest" name="validateHomeTitle" time="0.012"/>
  <testcase classname="TestLayer.HomePageTest" name="validateHomeUrl" time="0.01"/>
  <testcase classname="TestLayer.PIMPageTest" name="validatePimPage" time="1.051"/>
  <testcase classname="TestLayer.PIMPageTest" name="validateNewEmployee" time="7.182"/>
  <testcase classname="TestLayer.PIMPageTest" name="validateEmployeeInformation" time="6.981"/>
  <testcase classname="TestLayer.PIMPageTest" name="validateSearchFunctionality" time="6.555"/>
  <testcase classname="TestLayer.AdminPageTest" name="validateAdminPage" time="1.016"/>
  <testcase classname="TestLayer.AdminPageTest" name="addUserCredentails" time="14.223"/>
  <testcase classname="TestLayer.AdminPageTest" name="logoutFunctionality" time="1.022"/>
  <testcase classname="TestLayer.AdminPageTest" name="validateLoginFunctionality" time="1.767"/>
</testsuite> <!-- Test -->
