<?xml version="1.0" encoding="UTF-8"?>
<testng-results ignored="0" total="13" passed="13" failed="0" skipped="0">
  <reporter-output>
  </reporter-output>
  <suite started-at="2025-01-18T20:39:00 IST" name="Suite" finished-at="2025-01-18T20:39:47 IST" duration-ms="47141">
    <groups>
      <group name="pim">
        <method signature="PIMPageTest.validateEmployeeInformation()[pri:3, instance:TestLayer.PIMPageTest@4b5a5ed1]" name="validateEmployeeInformation" class="TestLayer.PIMPageTest"/>
        <method signature="PIMPageTest.validateNewEmployee()[pri:2, instance:TestLayer.PIMPageTest@4b5a5ed1]" name="validateNewEmployee" class="TestLayer.PIMPageTest"/>
        <method signature="PIMPageTest.validatePimPage()[pri:1, instance:TestLayer.PIMPageTest@4b5a5ed1]" name="validatePimPage" class="TestLayer.PIMPageTest"/>
        <method signature="PIMPageTest.validateSearchFunctionality()[pri:4, instance:TestLayer.PIMPageTest@4b5a5ed1]" name="validateSearchFunctionality" class="TestLayer.PIMPageTest"/>
      </group> <!-- pim -->
      <group name="RegressionTesting">
        <method signature="LoginPageTest.setup()[pri:0, instance:TestLayer.LoginPageTest@794cb805]" name="setup" class="TestLayer.LoginPageTest"/>
        <method signature="LoginPageTest.validateLoginFunctionality()[pri:0, instance:TestLayer.LoginPageTest@794cb805]" name="validateLoginFunctionality" class="TestLayer.LoginPageTest"/>
        <method signature="HomePageTest.validateHomeTitle()[pri:2, instance:TestLayer.HomePageTest@5ccddd20]" name="validateHomeTitle" class="TestLayer.HomePageTest"/>
        <method signature="HomePageTest.validateHomeUrl()[pri:3, instance:TestLayer.HomePageTest@5ccddd20]" name="validateHomeUrl" class="TestLayer.HomePageTest"/>
        <method signature="HomePageTest.validateLogo()[pri:1, instance:TestLayer.HomePageTest@5ccddd20]" name="validateLogo" class="TestLayer.HomePageTest"/>
        <method signature="PIMPageTest.validateEmployeeInformation()[pri:3, instance:TestLayer.PIMPageTest@4b5a5ed1]" name="validateEmployeeInformation" class="TestLayer.PIMPageTest"/>
        <method signature="PIMPageTest.validateNewEmployee()[pri:2, instance:TestLayer.PIMPageTest@4b5a5ed1]" name="validateNewEmployee" class="TestLayer.PIMPageTest"/>
        <method signature="PIMPageTest.validatePimPage()[pri:1, instance:TestLayer.PIMPageTest@4b5a5ed1]" name="validatePimPage" class="TestLayer.PIMPageTest"/>
        <method signature="PIMPageTest.validateSearchFunctionality()[pri:4, instance:TestLayer.PIMPageTest@4b5a5ed1]" name="validateSearchFunctionality" class="TestLayer.PIMPageTest"/>
        <method signature="AdminPageTest.addUserCredentails()[pri:2, instance:TestLayer.AdminPageTest@1ffe63b9]" name="addUserCredentails" class="TestLayer.AdminPageTest"/>
        <method signature="AdminPageTest.logoutFunctionality()[pri:3, instance:TestLayer.AdminPageTest@1ffe63b9]" name="logoutFunctionality" class="TestLayer.AdminPageTest"/>
        <method signature="AdminPageTest.validateAdminPage()[pri:1, instance:TestLayer.AdminPageTest@1ffe63b9]" name="validateAdminPage" class="TestLayer.AdminPageTest"/>
        <method signature="AdminPageTest.validateLoginFunctionality()[pri:4, instance:TestLayer.AdminPageTest@1ffe63b9]" name="validateLoginFunctionality" class="TestLayer.AdminPageTest"/>
      </group> <!-- RegressionTesting -->
      <group name="admin">
        <method signature="AdminPageTest.addUserCredentails()[pri:2, instance:TestLayer.AdminPageTest@1ffe63b9]" name="addUserCredentails" class="TestLayer.AdminPageTest"/>
        <method signature="AdminPageTest.logoutFunctionality()[pri:3, instance:TestLayer.AdminPageTest@1ffe63b9]" name="logoutFunctionality" class="TestLayer.AdminPageTest"/>
        <method signature="AdminPageTest.validateAdminPage()[pri:1, instance:TestLayer.AdminPageTest@1ffe63b9]" name="validateAdminPage" class="TestLayer.AdminPageTest"/>
        <method signature="AdminPageTest.validateLoginFunctionality()[pri:4, instance:TestLayer.AdminPageTest@1ffe63b9]" name="validateLoginFunctionality" class="TestLayer.AdminPageTest"/>
      </group> <!-- admin -->
      <group name="setup">
        <method signature="LoginPageTest.setup()[pri:0, instance:TestLayer.LoginPageTest@794cb805]" name="setup" class="TestLayer.LoginPageTest"/>
      </group> <!-- setup -->
      <group name="login">
        <method signature="LoginPageTest.validateLoginFunctionality()[pri:0, instance:TestLayer.LoginPageTest@794cb805]" name="validateLoginFunctionality" class="TestLayer.LoginPageTest"/>
      </group> <!-- login -->
      <group name="home">
        <method signature="HomePageTest.validateHomeTitle()[pri:2, instance:TestLayer.HomePageTest@5ccddd20]" name="validateHomeTitle" class="TestLayer.HomePageTest"/>
        <method signature="HomePageTest.validateHomeUrl()[pri:3, instance:TestLayer.HomePageTest@5ccddd20]" name="validateHomeUrl" class="TestLayer.HomePageTest"/>
        <method signature="HomePageTest.validateLogo()[pri:1, instance:TestLayer.HomePageTest@5ccddd20]" name="validateLogo" class="TestLayer.HomePageTest"/>
      </group> <!-- home -->
    </groups>
    <test started-at="2025-01-18T20:39:00 IST" name="Test" finished-at="2025-01-18T20:39:47 IST" duration-ms="47141">
      <class name="TestLayer.HomePageTest">
        <test-method signature="validateLogo()[pri:1, instance:TestLayer.HomePageTest@5ccddd20]" started-at="2025-01-18T20:39:07 IST" name="validateLogo" description="Validate Home Page Logo Test Cases" depends-on-groups="login" finished-at="2025-01-18T20:39:07 IST" duration-ms="411" status="PASS">
          <reporter-output>
          </reporter-output>
        </test-method> <!-- validateLogo -->
        <test-method signature="validateHomeTitle()[pri:2, instance:TestLayer.HomePageTest@5ccddd20]" started-at="2025-01-18T20:39:07 IST" name="validateHomeTitle" description="Validate Home Page Title Test Cases" depends-on-groups="login" finished-at="2025-01-18T20:39:07 IST" duration-ms="12" status="PASS">
          <reporter-output>
          </reporter-output>
        </test-method> <!-- validateHomeTitle -->
        <test-method signature="validateHomeUrl()[pri:3, instance:TestLayer.HomePageTest@5ccddd20]" started-at="2025-01-18T20:39:07 IST" name="validateHomeUrl" depends-on-groups="login" finished-at="2025-01-18T20:39:07 IST" duration-ms="10" status="PASS">
          <reporter-output>
          </reporter-output>
        </test-method> <!-- validateHomeUrl -->
      </class> <!-- TestLayer.HomePageTest -->
      <class name="TestLayer.PIMPageTest">
        <test-method signature="validatePimPage()[pri:1, instance:TestLayer.PIMPageTest@4b5a5ed1]" started-at="2025-01-18T20:39:07 IST" name="validatePimPage" depends-on-groups="home" finished-at="2025-01-18T20:39:08 IST" duration-ms="1051" status="PASS">
          <reporter-output>
          </reporter-output>
        </test-method> <!-- validatePimPage -->
        <test-method signature="validateNewEmployee()[pri:2, instance:TestLayer.PIMPageTest@4b5a5ed1]" started-at="2025-01-18T20:39:08 IST" name="validateNewEmployee" depends-on-groups="home" finished-at="2025-01-18T20:39:15 IST" duration-ms="7182" status="PASS">
          <reporter-output>
          </reporter-output>
        </test-method> <!-- validateNewEmployee -->
        <test-method signature="validateEmployeeInformation()[pri:3, instance:TestLayer.PIMPageTest@4b5a5ed1]" started-at="2025-01-18T20:39:15 IST" name="validateEmployeeInformation" depends-on-groups="home" finished-at="2025-01-18T20:39:22 IST" duration-ms="6981" status="PASS">
          <reporter-output>
          </reporter-output>
        </test-method> <!-- validateEmployeeInformation -->
        <test-method signature="validateSearchFunctionality()[pri:4, instance:TestLayer.PIMPageTest@4b5a5ed1]" started-at="2025-01-18T20:39:22 IST" name="validateSearchFunctionality" depends-on-groups="home" finished-at="2025-01-18T20:39:29 IST" duration-ms="6555" status="PASS">
          <reporter-output>
          </reporter-output>
        </test-method> <!-- validateSearchFunctionality -->
      </class> <!-- TestLayer.PIMPageTest -->
      <class name="TestLayer.LoginPageTest">
        <test-method signature="setup()[pri:0, instance:TestLayer.LoginPageTest@794cb805]" started-at="2025-01-18T20:39:00 IST" name="setup" finished-at="2025-01-18T20:39:05 IST" duration-ms="4824" status="PASS">
          <reporter-output>
          </reporter-output>
        </test-method> <!-- setup -->
        <test-method signature="validateLoginFunctionality()[pri:0, instance:TestLayer.LoginPageTest@794cb805]" started-at="2025-01-18T20:39:05 IST" name="validateLoginFunctionality" depends-on-groups="setup" finished-at="2025-01-18T20:39:07 IST" duration-ms="2045" status="PASS">
          <reporter-output>
          </reporter-output>
        </test-method> <!-- validateLoginFunctionality -->
      </class> <!-- TestLayer.LoginPageTest -->
      <class name="TestLayer.AdminPageTest">
        <test-method signature="validateAdminPage()[pri:1, instance:TestLayer.AdminPageTest@1ffe63b9]" started-at="2025-01-18T20:39:29 IST" name="validateAdminPage" depends-on-groups="pim" finished-at="2025-01-18T20:39:30 IST" duration-ms="1016" status="PASS">
          <reporter-output>
          </reporter-output>
        </test-method> <!-- validateAdminPage -->
        <test-method signature="addUserCredentails()[pri:2, instance:TestLayer.AdminPageTest@1ffe63b9]" started-at="2025-01-18T20:39:30 IST" name="addUserCredentails" depends-on-groups="pim" finished-at="2025-01-18T20:39:44 IST" duration-ms="14223" status="PASS">
          <reporter-output>
          </reporter-output>
        </test-method> <!-- addUserCredentails -->
        <test-method signature="logoutFunctionality()[pri:3, instance:TestLayer.AdminPageTest@1ffe63b9]" started-at="2025-01-18T20:39:44 IST" name="logoutFunctionality" depends-on-groups="pim" finished-at="2025-01-18T20:39:45 IST" duration-ms="1022" status="PASS">
          <reporter-output>
          </reporter-output>
        </test-method> <!-- logoutFunctionality -->
        <test-method signature="validateLoginFunctionality()[pri:4, instance:TestLayer.AdminPageTest@1ffe63b9]" started-at="2025-01-18T20:39:45 IST" name="validateLoginFunctionality" depends-on-groups="pim" finished-at="2025-01-18T20:39:47 IST" duration-ms="1767" status="PASS">
          <reporter-output>
          </reporter-output>
        </test-method> <!-- validateLoginFunctionality -->
      </class> <!-- TestLayer.AdminPageTest -->
    </test> <!-- Test -->
  </suite> <!-- Suite -->
</testng-results>
