<?xml version="1.0" encoding="UTF-8"?>
<testsuite xmlns:xsi="http://www.w3.org/2001/XMLSchema-instance" xsi:noNamespaceSchemaLocation="https://maven.apache.org/surefire/maven-surefire-plugin/xsd/surefire-test-report.xsd" version="3.0.2" name="TestSuite" time="48.533" tests="13" errors="0" skipped="0" failures="0">
  <properties>
[...]
</properties>
  <testcase name="setup" classname="TestLayer.LoginPageTest" time="4.824">
    <system-err><![CDATA[Jan 18, 2025 8:39:02 PM org.openqa.selenium.devtools.CdpVersionFinder findNearestMatch
WARNING: Unable to find CDP implementation matching 131
Jan 18, 2025 8:39:02 PM org.openqa.selenium.chromium.ChromiumDriver lambda$new$5
WARNING: Unable to find version of CDP to use for 131.0.6778.265. You may need to include a dependency on a specific version of the CDP using something similar to `org.seleniumhq.selenium:selenium-devtools-v86:4.16.1` where the version ("v86") matches the version of the chromium-based browser you're using and the version number of the artifact is the same as Selenium's.
]]></system-err>
  </testcase>
  <testcase name="validateLoginFunctionality" classname="TestLayer.LoginPageTest" time="2.044"/>
  <testcase name="validateLogo" classname="TestLayer.HomePageTest" time="0.412"/>
  <testcase name="validateHomeTitle" classname="TestLayer.HomePageTest" time="0.012"/>
  <testcase name="validateHomeUrl" classname="TestLayer.HomePageTest" time="0.009"/>
  <testcase name="validatePimPage" classname="TestLayer.PIMPageTest" time="1.052"/>
  <testcase name="validateNewEmployee" classname="TestLayer.PIMPageTest" time="7.18"/>
  <testcase name="validateEmployeeInformation" classname="TestLayer.PIMPageTest" time="6.982"/>
  <testcase name="validateSearchFunctionality" classname="TestLayer.PIMPageTest" time="6.554"/>
  <testcase name="validateAdminPage" classname="TestLayer.AdminPageTest" time="1.016"/>
  <testcase name="addUserCredentails" classname="TestLayer.AdminPageTest" time="14.223"/>
  <testcase name="logoutFunctionality" classname="TestLayer.AdminPageTest" time="1.023"/>
  <testcase name="validateLoginFunctionality" classname="TestLayer.AdminPageTest" time="1.762"/>
</testsuite>